GROUP,PACKAGE,CLASS,INSTRUCTION_MISSED,INSTRUCTION_COVERED,BRANCH_MISSED,BRANCH_COVERED,LINE_MISSED,LINE_COVERED,COMPLEXITY_MISSED,COMPLEXITY_COVERED,METHOD_MISSED,METHOD_COVERED
work,ua.lviv.iot.algo.part1.labs.models,WineFridge,10,38,0,0,4,9,4,5,4,5
work,ua.lviv.iot.algo.part1.labs.models,FridgeCamera,3,75,0,0,0,20,1,12,1,12
work,ua.lviv.iot.algo.part1.labs.models,Fridge,0,33,0,0,0,12,0,6,0,6
work,ua.lviv.iot.algo.part1.labs.managers,FridgeManager,100,0,0,0,17,0,5,0,5,0
work,ua.lviv.iot.algo.part1.labs.writers,FridgeWriter,1,72,0,4,1,15,0,5,0,3
